2014/11/13 01:53:23 [error] [exception.CHttpException.404] exception 'CHttpException' with message 'Системе не удалось найти запрашиваемое действие "manaf".' in F:\WebServer\OpenServer\domains\localhost\framework\web\CController.php:483
Stack trace:
#0 F:\WebServer\OpenServer\domains\localhost\framework\web\CController.php(270): CController->missingAction('manaf')
#1 F:\WebServer\OpenServer\domains\localhost\framework\web\CWebApplication.php(282): CController->run('manaf')
#2 F:\WebServer\OpenServer\domains\localhost\framework\web\CWebApplication.php(141): CWebApplication->runController('site/manaf')
#3 F:\WebServer\OpenServer\domains\localhost\framework\base\CApplication.php(180): CWebApplication->processRequest()
#4 F:\WebServer\OpenServer\domains\localhost\index.php(13): CApplication->run()
#5 {main}
REQUEST_URI=/index.php/site/manaf
HTTP_REFERER=http://localhost/index.php/site/index
---
2014/11/13 01:53:29 [error] [exception.CHttpException.404] exception 'CHttpException' with message 'Системе не удалось найти запрашиваемое действие "history".' in F:\WebServer\OpenServer\domains\localhost\framework\web\CController.php:483
Stack trace:
#0 F:\WebServer\OpenServer\domains\localhost\framework\web\CController.php(270): CController->missingAction('history')
#1 F:\WebServer\OpenServer\domains\localhost\framework\web\CWebApplication.php(282): CController->run('history')
#2 F:\WebServer\OpenServer\domains\localhost\framework\web\CWebApplication.php(141): CWebApplication->runController('site/history')
#3 F:\WebServer\OpenServer\domains\localhost\framework\base\CApplication.php(180): CWebApplication->processRequest()
#4 F:\WebServer\OpenServer\domains\localhost\index.php(13): CApplication->run()
#5 {main}
REQUEST_URI=/index.php/site/history
HTTP_REFERER=http://localhost/index.php/site/manaf
---
2014/11/13 01:54:26 [error] [exception.CHttpException.404] exception 'CHttpException' with message 'Невозможно обработать запрос "gii".' in F:\WebServer\OpenServer\domains\localhost\framework\web\CWebApplication.php:286
Stack trace:
#0 F:\WebServer\OpenServer\domains\localhost\framework\web\CWebApplication.php(141): CWebApplication->runController('gii')
#1 F:\WebServer\OpenServer\domains\localhost\framework\base\CApplication.php(180): CWebApplication->processRequest()
#2 F:\WebServer\OpenServer\domains\localhost\index.php(13): CApplication->run()
#3 {main}
REQUEST_URI=/index.php/gii
---
2014/11/13 01:54:40 [error] [exception.CHttpException.404] exception 'CHttpException' with message 'Невозможно обработать запрос "gii".' in F:\WebServer\OpenServer\domains\localhost\framework\web\CWebApplication.php:286
Stack trace:
#0 F:\WebServer\OpenServer\domains\localhost\framework\web\CWebApplication.php(141): CWebApplication->runController('gii')
#1 F:\WebServer\OpenServer\domains\localhost\framework\base\CApplication.php(180): CWebApplication->processRequest()
#2 F:\WebServer\OpenServer\domains\localhost\index.php(13): CApplication->run()
#3 {main}
REQUEST_URI=/index.php/gii
---
2014/11/13 02:03:54 [error] [exception.CHttpException.404] exception 'CHttpException' with message 'Невозможно обработать запрос "gii/crud/index".' in F:\WebServer\OpenServer\domains\localhost\framework\web\CWebApplication.php:286
Stack trace:
#0 F:\WebServer\OpenServer\domains\localhost\framework\web\CWebApplication.php(141): CWebApplication->runController('gii/crud/index')
#1 F:\WebServer\OpenServer\domains\localhost\framework\base\CApplication.php(180): CWebApplication->processRequest()
#2 F:\WebServer\OpenServer\domains\localhost\index.php(13): CApplication->run()
#3 {main}
REQUEST_URI=/index.php/gii/crud/index
---
2014/11/13 02:04:04 [error] [exception.CHttpException.404] exception 'CHttpException' with message 'Невозможно обработать запрос "gii".' in F:\WebServer\OpenServer\domains\localhost\framework\web\CWebApplication.php:286
Stack trace:
#0 F:\WebServer\OpenServer\domains\localhost\framework\web\CWebApplication.php(141): CWebApplication->runController('gii')
#1 F:\WebServer\OpenServer\domains\localhost\framework\base\CApplication.php(180): CWebApplication->processRequest()
#2 F:\WebServer\OpenServer\domains\localhost\index.php(13): CApplication->run()
#3 {main}
REQUEST_URI=/index.php/gii
---
2014/11/13 11:33:03 [error] [exception.CException] exception 'CException' with message 'Не определено свойство "Pages.dateModified".' in F:\WebServer\OpenServer\domains\localhost\framework\base\CComponent.php:130
Stack trace:
#0 F:\WebServer\OpenServer\domains\localhost\framework\db\ar\CActiveRecord.php(145): CComponent->__get('dateModified')
#1 F:\WebServer\OpenServer\domains\localhost\framework\web\helpers\CHtml.php(2529): CActiveRecord->__get('dateModified')
#2 F:\WebServer\OpenServer\domains\localhost\framework\web\helpers\CHtml.php(2252): CHtml::resolveValue(Object(Pages), 'dateModified')
#3 F:\WebServer\OpenServer\domains\localhost\framework\web\helpers\CHtml.php(1434): CHtml::activeInputField('text', Object(Pages), 'dateModified', Array)
#4 F:\WebServer\OpenServer\domains\localhost\framework\web\widgets\CActiveForm.php(725): CHtml::activeTextField(Object(Pages), 'dateModified', Array)
#5 F:\WebServer\OpenServer\domains\localhost\protected\modules\admin\views\pages\_search.php(51): CActiveForm->textField(Object(Pages), 'dateModified')
#6 F:\WebServer\OpenServer\domains\localhost\framework\web\CBaseController.php(126): require('F:\WebServer\Op...')
#7 F:\WebServer\OpenServer\domains\localhost\framework\web\CBaseController.php(95): CBaseController->renderInternal('F:\WebServer\Op...', Array, true)
#8 F:\WebServer\OpenServer\domains\localhost\framework\web\CController.php(869): CBaseController->renderFile('F:\WebServer\Op...', Array, true)
#9 F:\WebServer\OpenServer\domains\localhost\protected\modules\admin\views\pages\index.php(40): CController->renderPartial('_search', Array)
#10 F:\WebServer\OpenServer\domains\localhost\framework\web\CBaseController.php(126): require('F:\WebServer\Op...')
#11 F:\WebServer\OpenServer\domains\localhost\framework\web\CBaseController.php(95): CBaseController->renderInternal('F:\WebServer\Op...', Array, true)
#12 F:\WebServer\OpenServer\domains\localhost\framework\web\CController.php(869): CBaseController->renderFile('F:\WebServer\Op...', Array, true)
#13 F:\WebServer\OpenServer\domains\localhost\framework\web\CController.php(782): CController->renderPartial('index', Array, true)
#14 F:\WebServer\OpenServer\domains\localhost\protected\modules\admin\controllers\PagesController.php(137): CController->render('index', Array)
#15 F:\WebServer\OpenServer\domains\localhost\framework\web\actions\CInlineAction.php(49): PagesController->actionIndex()
#16 F:\WebServer\OpenServer\domains\localhost\framework\web\CController.php(308): CInlineAction->runWithParams(Array)
#17 F:\WebServer\OpenServer\domains\localhost\framework\web\filters\CFilterChain.php(133): CController->runAction(Object(CInlineAction))
#18 F:\WebServer\OpenServer\domains\localhost\framework\web\filters\CFilter.php(40): CFilterChain->run()
#19 F:\WebServer\OpenServer\domains\localhost\framework\web\CController.php(1145): CFilter->filter(Object(CFilterChain))
#20 F:\WebServer\OpenServer\domains\localhost\framework\web\filters\CInlineFilter.php(58): CController->filterAccessControl(Object(CFilterChain))
#21 F:\WebServer\OpenServer\domains\localhost\framework\web\filters\CFilterChain.php(130): CInlineFilter->filter(Object(CFilterChain))
#22 F:\WebServer\OpenServer\domains\localhost\framework\web\CController.php(291): CFilterChain->run()
#23 F:\WebServer\OpenServer\domains\localhost\framework\web\CController.php(265): CController->runActionWithFilters(Object(CInlineAction), Array)
#24 F:\WebServer\OpenServer\domains\localhost\framework\web\CWebApplication.php(282): CController->run('')
#25 F:\WebServer\OpenServer\domains\localhost\framework\web\CWebApplication.php(141): CWebApplication->runController('admin/pages')
#26 F:\WebServer\OpenServer\domains\localhost\framework\base\CApplication.php(180): CWebApplication->processRequest()
#27 F:\WebServer\OpenServer\domains\localhost\index.php(13): CApplication->run()
#28 {main}
REQUEST_URI=/index.php/admin/pages
HTTP_REFERER=http://localhost/index.php/site/login
---
2014/11/13 11:34:38 [error] [exception.CException] exception 'CException' with message 'Не определено свойство "Pages.dateModified".' in F:\WebServer\OpenServer\domains\localhost\framework\base\CComponent.php:130
Stack trace:
#0 F:\WebServer\OpenServer\domains\localhost\framework\db\ar\CActiveRecord.php(145): CComponent->__get('dateModified')
#1 F:\WebServer\OpenServer\domains\localhost\framework\web\helpers\CHtml.php(2529): CActiveRecord->__get('dateModified')
#2 F:\WebServer\OpenServer\domains\localhost\framework\web\helpers\CHtml.php(2252): CHtml::resolveValue(Object(Pages), 'dateModified')
#3 F:\WebServer\OpenServer\domains\localhost\framework\web\helpers\CHtml.php(1434): CHtml::activeInputField('text', Object(Pages), 'dateModified', Array)
#4 F:\WebServer\OpenServer\domains\localhost\framework\web\widgets\CActiveForm.php(725): CHtml::activeTextField(Object(Pages), 'dateModified', Array)
#5 F:\WebServer\OpenServer\domains\localhost\protected\modules\admin\views\pages\_search.php(51): CActiveForm->textField(Object(Pages), 'dateModified')
#6 F:\WebServer\OpenServer\domains\localhost\framework\web\CBaseController.php(126): require('F:\WebServer\Op...')
#7 F:\WebServer\OpenServer\domains\localhost\framework\web\CBaseController.php(95): CBaseController->renderInternal('F:\WebServer\Op...', Array, true)
#8 F:\WebServer\OpenServer\domains\localhost\framework\web\CController.php(869): CBaseController->renderFile('F:\WebServer\Op...', Array, true)
#9 F:\WebServer\OpenServer\domains\localhost\protected\modules\admin\views\pages\index.php(40): CController->renderPartial('_search', Array)
#10 F:\WebServer\OpenServer\domains\localhost\framework\web\CBaseController.php(126): require('F:\WebServer\Op...')
#11 F:\WebServer\OpenServer\domains\localhost\framework\web\CBaseController.php(95): CBaseController->renderInternal('F:\WebServer\Op...', Array, true)
#12 F:\WebServer\OpenServer\domains\localhost\framework\web\CController.php(869): CBaseController->renderFile('F:\WebServer\Op...', Array, true)
#13 F:\WebServer\OpenServer\domains\localhost\framework\web\CController.php(782): CController->renderPartial('index', Array, true)
#14 F:\WebServer\OpenServer\domains\localhost\protected\modules\admin\controllers\PagesController.php(137): CController->render('index', Array)
#15 F:\WebServer\OpenServer\domains\localhost\framework\web\actions\CInlineAction.php(49): PagesController->actionIndex()
#16 F:\WebServer\OpenServer\domains\localhost\framework\web\CController.php(308): CInlineAction->runWithParams(Array)
#17 F:\WebServer\OpenServer\domains\localhost\framework\web\filters\CFilterChain.php(133): CController->runAction(Object(CInlineAction))
#18 F:\WebServer\OpenServer\domains\localhost\framework\web\filters\CFilter.php(40): CFilterChain->run()
#19 F:\WebServer\OpenServer\domains\localhost\framework\web\CController.php(1145): CFilter->filter(Object(CFilterChain))
#20 F:\WebServer\OpenServer\domains\localhost\framework\web\filters\CInlineFilter.php(58): CController->filterAccessControl(Object(CFilterChain))
#21 F:\WebServer\OpenServer\domains\localhost\framework\web\filters\CFilterChain.php(130): CInlineFilter->filter(Object(CFilterChain))
#22 F:\WebServer\OpenServer\domains\localhost\framework\web\CController.php(291): CFilterChain->run()
#23 F:\WebServer\OpenServer\domains\localhost\framework\web\CController.php(265): CController->runActionWithFilters(Object(CInlineAction), Array)
#24 F:\WebServer\OpenServer\domains\localhost\framework\web\CWebApplication.php(282): CController->run('')
#25 F:\WebServer\OpenServer\domains\localhost\framework\web\CWebApplication.php(141): CWebApplication->runController('admin/pages')
#26 F:\WebServer\OpenServer\domains\localhost\framework\base\CApplication.php(180): CWebApplication->processRequest()
#27 F:\WebServer\OpenServer\domains\localhost\index.php(13): CApplication->run()
#28 {main}
REQUEST_URI=/index.php/admin/pages
HTTP_REFERER=http://localhost/index.php/site/login
---
2014/11/13 11:35:31 [error] [exception.CException] exception 'CException' with message 'Не определено свойство "Pages.dateModified".' in F:\WebServer\OpenServer\domains\localhost\framework\base\CComponent.php:130
Stack trace:
#0 F:\WebServer\OpenServer\domains\localhost\framework\db\ar\CActiveRecord.php(145): CComponent->__get('dateModified')
#1 F:\WebServer\OpenServer\domains\localhost\framework\web\helpers\CHtml.php(2529): CActiveRecord->__get('dateModified')
#2 F:\WebServer\OpenServer\domains\localhost\framework\web\helpers\CHtml.php(2252): CHtml::resolveValue(Object(Pages), 'dateModified')
#3 F:\WebServer\OpenServer\domains\localhost\framework\web\helpers\CHtml.php(1434): CHtml::activeInputField('text', Object(Pages), 'dateModified', Array)
#4 F:\WebServer\OpenServer\domains\localhost\framework\web\widgets\CActiveForm.php(725): CHtml::activeTextField(Object(Pages), 'dateModified', Array)
#5 F:\WebServer\OpenServer\domains\localhost\protected\modules\admin\views\pages\_search.php(51): CActiveForm->textField(Object(Pages), 'dateModified')
#6 F:\WebServer\OpenServer\domains\localhost\framework\web\CBaseController.php(126): require('F:\WebServer\Op...')
#7 F:\WebServer\OpenServer\domains\localhost\framework\web\CBaseController.php(95): CBaseController->renderInternal('F:\WebServer\Op...', Array, true)
#8 F:\WebServer\OpenServer\domains\localhost\framework\web\CController.php(869): CBaseController->renderFile('F:\WebServer\Op...', Array, true)
#9 F:\WebServer\OpenServer\domains\localhost\protected\modules\admin\views\pages\index.php(40): CController->renderPartial('_search', Array)
#10 F:\WebServer\OpenServer\domains\localhost\framework\web\CBaseController.php(126): require('F:\WebServer\Op...')
#11 F:\WebServer\OpenServer\domains\localhost\framework\web\CBaseController.php(95): CBaseController->renderInternal('F:\WebServer\Op...', Array, true)
#12 F:\WebServer\OpenServer\domains\localhost\framework\web\CController.php(869): CBaseController->renderFile('F:\WebServer\Op...', Array, true)
#13 F:\WebServer\OpenServer\domains\localhost\framework\web\CController.php(782): CController->renderPartial('index', Array, true)
#14 F:\WebServer\OpenServer\domains\localhost\protected\modules\admin\controllers\PagesController.php(137): CController->render('index', Array)
#15 F:\WebServer\OpenServer\domains\localhost\framework\web\actions\CInlineAction.php(49): PagesController->actionIndex()
#16 F:\WebServer\OpenServer\domains\localhost\framework\web\CController.php(308): CInlineAction->runWithParams(Array)
#17 F:\WebServer\OpenServer\domains\localhost\framework\web\filters\CFilterChain.php(133): CController->runAction(Object(CInlineAction))
#18 F:\WebServer\OpenServer\domains\localhost\framework\web\filters\CFilter.php(40): CFilterChain->run()
#19 F:\WebServer\OpenServer\domains\localhost\framework\web\CController.php(1145): CFilter->filter(Object(CFilterChain))
#20 F:\WebServer\OpenServer\domains\localhost\framework\web\filters\CInlineFilter.php(58): CController->filterAccessControl(Object(CFilterChain))
#21 F:\WebServer\OpenServer\domains\localhost\framework\web\filters\CFilterChain.php(130): CInlineFilter->filter(Object(CFilterChain))
#22 F:\WebServer\OpenServer\domains\localhost\framework\web\CController.php(291): CFilterChain->run()
#23 F:\WebServer\OpenServer\domains\localhost\framework\web\CController.php(265): CController->runActionWithFilters(Object(CInlineAction), Array)
#24 F:\WebServer\OpenServer\domains\localhost\framework\web\CWebApplication.php(282): CController->run('')
#25 F:\WebServer\OpenServer\domains\localhost\framework\web\CWebApplication.php(141): CWebApplication->runController('admin/pages')
#26 F:\WebServer\OpenServer\domains\localhost\framework\base\CApplication.php(180): CWebApplication->processRequest()
#27 F:\WebServer\OpenServer\domains\localhost\index.php(13): CApplication->run()
#28 {main}
REQUEST_URI=/index.php/admin/pages
HTTP_REFERER=http://localhost/index.php/site/login
---
2014/11/13 11:39:26 [error] [exception.CException] exception 'CException' with message 'Не определено свойство "Pages.dateModified".' in F:\WebServer\OpenServer\domains\localhost\framework\base\CComponent.php:130
Stack trace:
#0 F:\WebServer\OpenServer\domains\localhost\framework\db\ar\CActiveRecord.php(145): CComponent->__get('dateModified')
#1 F:\WebServer\OpenServer\domains\localhost\framework\web\helpers\CHtml.php(2529): CActiveRecord->__get('dateModified')
#2 F:\WebServer\OpenServer\domains\localhost\framework\web\helpers\CHtml.php(2252): CHtml::resolveValue(Object(Pages), 'dateModified')
#3 F:\WebServer\OpenServer\domains\localhost\framework\web\helpers\CHtml.php(1434): CHtml::activeInputField('text', Object(Pages), 'dateModified', Array)
#4 F:\WebServer\OpenServer\domains\localhost\framework\web\widgets\CActiveForm.php(725): CHtml::activeTextField(Object(Pages), 'dateModified', Array)
#5 F:\WebServer\OpenServer\domains\localhost\protected\modules\admin\views\pages\_search.php(51): CActiveForm->textField(Object(Pages), 'dateModified')
#6 F:\WebServer\OpenServer\domains\localhost\framework\web\CBaseController.php(126): require('F:\WebServer\Op...')
#7 F:\WebServer\OpenServer\domains\localhost\framework\web\CBaseController.php(95): CBaseController->renderInternal('F:\WebServer\Op...', Array, true)
#8 F:\WebServer\OpenServer\domains\localhost\framework\web\CController.php(869): CBaseController->renderFile('F:\WebServer\Op...', Array, true)
#9 F:\WebServer\OpenServer\domains\localhost\protected\modules\admin\views\pages\index.php(40): CController->renderPartial('_search', Array)
#10 F:\WebServer\OpenServer\domains\localhost\framework\web\CBaseController.php(126): require('F:\WebServer\Op...')
#11 F:\WebServer\OpenServer\domains\localhost\framework\web\CBaseController.php(95): CBaseController->renderInternal('F:\WebServer\Op...', Array, true)
#12 F:\WebServer\OpenServer\domains\localhost\framework\web\CController.php(869): CBaseController->renderFile('F:\WebServer\Op...', Array, true)
#13 F:\WebServer\OpenServer\domains\localhost\framework\web\CController.php(782): CController->renderPartial('index', Array, true)
#14 F:\WebServer\OpenServer\domains\localhost\protected\modules\admin\controllers\PagesController.php(137): CController->render('index', Array)
#15 F:\WebServer\OpenServer\domains\localhost\framework\web\actions\CInlineAction.php(49): PagesController->actionIndex()
#16 F:\WebServer\OpenServer\domains\localhost\framework\web\CController.php(308): CInlineAction->runWithParams(Array)
#17 F:\WebServer\OpenServer\domains\localhost\framework\web\filters\CFilterChain.php(133): CController->runAction(Object(CInlineAction))
#18 F:\WebServer\OpenServer\domains\localhost\framework\web\filters\CFilter.php(40): CFilterChain->run()
#19 F:\WebServer\OpenServer\domains\localhost\framework\web\CController.php(1145): CFilter->filter(Object(CFilterChain))
#20 F:\WebServer\OpenServer\domains\localhost\framework\web\filters\CInlineFilter.php(58): CController->filterAccessControl(Object(CFilterChain))
#21 F:\WebServer\OpenServer\domains\localhost\framework\web\filters\CFilterChain.php(130): CInlineFilter->filter(Object(CFilterChain))
#22 F:\WebServer\OpenServer\domains\localhost\framework\web\CController.php(291): CFilterChain->run()
#23 F:\WebServer\OpenServer\domains\localhost\framework\web\CController.php(265): CController->runActionWithFilters(Object(CInlineAction), Array)
#24 F:\WebServer\OpenServer\domains\localhost\framework\web\CWebApplication.php(282): CController->run('')
#25 F:\WebServer\OpenServer\domains\localhost\framework\web\CWebApplication.php(141): CWebApplication->runController('admin/pages')
#26 F:\WebServer\OpenServer\domains\localhost\framework\base\CApplication.php(180): CWebApplication->processRequest()
#27 F:\WebServer\OpenServer\domains\localhost\index.php(13): CApplication->run()
#28 {main}
REQUEST_URI=/index.php/admin/pages
HTTP_REFERER=http://localhost/index.php/site/login
---
2014/11/13 12:27:13 [error] [exception.CHttpException.404] exception 'CHttpException' with message 'Невозможно обработать запрос "adminka/news".' in F:\WebServer\OpenServer\domains\localhost\framework\web\CWebApplication.php:286
Stack trace:
#0 F:\WebServer\OpenServer\domains\localhost\framework\web\CWebApplication.php(141): CWebApplication->runController('adminka/news')
#1 F:\WebServer\OpenServer\domains\localhost\framework\base\CApplication.php(180): CWebApplication->processRequest()
#2 F:\WebServer\OpenServer\domains\localhost\index.php(13): CApplication->run()
#3 {main}
REQUEST_URI=/index.php/adminka/news
---
2014/11/13 12:27:46 [error] [exception.CHttpException.404] exception 'CHttpException' with message 'Невозможно обработать запрос "admin/news".' in F:\WebServer\OpenServer\domains\localhost\framework\web\CWebApplication.php:286
Stack trace:
#0 F:\WebServer\OpenServer\domains\localhost\framework\web\CWebApplication.php(141): CWebApplication->runController('admin/news')
#1 F:\WebServer\OpenServer\domains\localhost\framework\base\CApplication.php(180): CWebApplication->processRequest()
#2 F:\WebServer\OpenServer\domains\localhost\index.php(13): CApplication->run()
#3 {main}
REQUEST_URI=/index.php/admin/news
---
2014/11/13 12:29:01 [error] [exception.CHttpException.404] exception 'CHttpException' with message 'Невозможно обработать запрос "admin/tblmews".' in F:\WebServer\OpenServer\domains\localhost\framework\web\CWebApplication.php:286
Stack trace:
#0 F:\WebServer\OpenServer\domains\localhost\framework\web\CWebApplication.php(141): CWebApplication->runController('admin/tblmews')
#1 F:\WebServer\OpenServer\domains\localhost\framework\base\CApplication.php(180): CWebApplication->processRequest()
#2 F:\WebServer\OpenServer\domains\localhost\index.php(13): CApplication->run()
#3 {main}
REQUEST_URI=/index.php/admin/tblmews
---
2014/11/13 12:36:54 [error] [exception.CHttpException.404] exception 'CHttpException' with message 'Невозможно обработать запрос "admin/admin/tblnews".' in F:\WebServer\OpenServer\domains\localhost\framework\web\CWebApplication.php:286
Stack trace:
#0 F:\WebServer\OpenServer\domains\localhost\framework\web\CWebApplication.php(141): CWebApplication->runController('admin/admin/tbl...')
#1 F:\WebServer\OpenServer\domains\localhost\framework\base\CApplication.php(180): CWebApplication->processRequest()
#2 F:\WebServer\OpenServer\domains\localhost\index.php(13): CApplication->run()
#3 {main}
REQUEST_URI=/index.php/admin/admin/tblnews
HTTP_REFERER=http://localhost/index.php/admin/tblnews
---
2014/11/13 12:37:36 [error] [exception.CHttpException.404] exception 'CHttpException' with message 'Невозможно обработать запрос "admin/admin/tblnews".' in F:\WebServer\OpenServer\domains\localhost\framework\web\CWebApplication.php:286
Stack trace:
#0 F:\WebServer\OpenServer\domains\localhost\framework\web\CWebApplication.php(141): CWebApplication->runController('admin/admin/tbl...')
#1 F:\WebServer\OpenServer\domains\localhost\framework\base\CApplication.php(180): CWebApplication->processRequest()
#2 F:\WebServer\OpenServer\domains\localhost\index.php(13): CApplication->run()
#3 {main}
REQUEST_URI=/index.php/admin/admin/tblnews
HTTP_REFERER=http://localhost/index.php/admin/tblnews
---
2014/11/13 12:37:43 [error] [exception.CHttpException.404] exception 'CHttpException' with message 'Системе не удалось найти запрашиваемое действие "tblnews".' in F:\WebServer\OpenServer\domains\localhost\framework\web\CController.php:483
Stack trace:
#0 F:\WebServer\OpenServer\domains\localhost\framework\web\CController.php(270): CController->missingAction('tblnews')
#1 F:\WebServer\OpenServer\domains\localhost\framework\web\CWebApplication.php(282): CController->run('tblnews')
#2 F:\WebServer\OpenServer\domains\localhost\framework\web\CWebApplication.php(141): CWebApplication->runController('admin/tblnews/t...')
#3 F:\WebServer\OpenServer\domains\localhost\framework\base\CApplication.php(180): CWebApplication->processRequest()
#4 F:\WebServer\OpenServer\domains\localhost\index.php(13): CApplication->run()
#5 {main}
REQUEST_URI=/index.php/admin/tblnews/tblnews
HTTP_REFERER=http://localhost/index.php/admin/tblnews
---
2014/11/13 12:40:39 [error] [exception.CHttpException.404] exception 'CHttpException' with message 'Невозможно обработать запрос "admin/admin/tblnews".' in F:\WebServer\OpenServer\domains\localhost\framework\web\CWebApplication.php:286
Stack trace:
#0 F:\WebServer\OpenServer\domains\localhost\framework\web\CWebApplication.php(141): CWebApplication->runController('admin/admin/tbl...')
#1 F:\WebServer\OpenServer\domains\localhost\framework\base\CApplication.php(180): CWebApplication->processRequest()
#2 F:\WebServer\OpenServer\domains\localhost\index.php(13): CApplication->run()
#3 {main}
REQUEST_URI=/index.php/admin/admin/tblnews
HTTP_REFERER=http://localhost/index.php/admin/tblnews
---
2014/11/13 12:41:13 [error] [exception.CHttpException.404] exception 'CHttpException' with message 'Невозможно обработать запрос "admin/admin/tblmanaf".' in F:\WebServer\OpenServer\domains\localhost\framework\web\CWebApplication.php:286
Stack trace:
#0 F:\WebServer\OpenServer\domains\localhost\framework\web\CWebApplication.php(141): CWebApplication->runController('admin/admin/tbl...')
#1 F:\WebServer\OpenServer\domains\localhost\framework\base\CApplication.php(180): CWebApplication->processRequest()
#2 F:\WebServer\OpenServer\domains\localhost\index.php(13): CApplication->run()
#3 {main}
REQUEST_URI=/index.php/admin/admin/tblmanaf
HTTP_REFERER=http://localhost/index.php/admin/tblnews
---
2014/11/13 12:59:20 [error] [exception.CHttpException.404] exception 'CHttpException' with message 'Невозможно обработать запрос "admin/admin/tblnews".' in F:\WebServer\OpenServer\domains\localhost\framework\web\CWebApplication.php:286
Stack trace:
#0 F:\WebServer\OpenServer\domains\localhost\framework\web\CWebApplication.php(141): CWebApplication->runController('admin/admin/tbl...')
#1 F:\WebServer\OpenServer\domains\localhost\framework\base\CApplication.php(180): CWebApplication->processRequest()
#2 F:\WebServer\OpenServer\domains\localhost\index.php(13): CApplication->run()
#3 {main}
REQUEST_URI=/index.php/admin/admin/tblnews
HTTP_REFERER=http://localhost/index.php/admin/
---
2014/11/13 13:07:15 [error] [exception.CHttpException.404] exception 'CHttpException' with message 'Невозможно обработать запрос "admin/admin/tblnews".' in F:\WebServer\OpenServer\domains\localhost\framework\web\CWebApplication.php:286
Stack trace:
#0 F:\WebServer\OpenServer\domains\localhost\framework\web\CWebApplication.php(141): CWebApplication->runController('admin/admin/tbl...')
#1 F:\WebServer\OpenServer\domains\localhost\framework\base\CApplication.php(180): CWebApplication->processRequest()
#2 F:\WebServer\OpenServer\domains\localhost\index.php(13): CApplication->run()
#3 {main}
REQUEST_URI=/index.php/admin/admin/tblnews
HTTP_REFERER=http://localhost/index.php/admin/
---
2014/11/13 13:11:16 [error] [exception.CHttpException.404] exception 'CHttpException' with message 'Невозможно обработать запрос "admin/admin/tblnews".' in F:\WebServer\OpenServer\domains\localhost\framework\web\CWebApplication.php:286
Stack trace:
#0 F:\WebServer\OpenServer\domains\localhost\framework\web\CWebApplication.php(141): CWebApplication->runController('admin/admin/tbl...')
#1 F:\WebServer\OpenServer\domains\localhost\framework\base\CApplication.php(180): CWebApplication->processRequest()
#2 F:\WebServer\OpenServer\domains\localhost\index.php(13): CApplication->run()
#3 {main}
REQUEST_URI=/index.php/admin/admin/tblnews
HTTP_REFERER=http://localhost/index.php/admin/tblnews
---
2014/11/13 13:12:17 [error] [exception.CHttpException.404] exception 'CHttpException' with message 'Системе не удалось найти запрашиваемое действие "admin".' in F:\WebServer\OpenServer\domains\localhost\framework\web\CController.php:483
Stack trace:
#0 F:\WebServer\OpenServer\domains\localhost\framework\web\CController.php(270): CController->missingAction('admin')
#1 F:\WebServer\OpenServer\domains\localhost\framework\web\CWebApplication.php(282): CController->run('admin')
#2 F:\WebServer\OpenServer\domains\localhost\framework\web\CWebApplication.php(141): CWebApplication->runController('admin/tblnews/a...')
#3 F:\WebServer\OpenServer\domains\localhost\framework\base\CApplication.php(180): CWebApplication->processRequest()
#4 F:\WebServer\OpenServer\domains\localhost\index.php(13): CApplication->run()
#5 {main}
REQUEST_URI=/index.php/admin/tblnews/admin
HTTP_REFERER=http://localhost/index.php/admin/tblnews
---
2014/11/13 13:34:32 [error] [exception.CHttpException.404] exception 'CHttpException' with message 'Невозможно обработать запрос "admin/admin/site/logout".' in F:\WebServer\OpenServer\domains\localhost\framework\web\CWebApplication.php:286
Stack trace:
#0 F:\WebServer\OpenServer\domains\localhost\framework\web\CWebApplication.php(141): CWebApplication->runController('admin/admin/sit...')
#1 F:\WebServer\OpenServer\domains\localhost\framework\base\CApplication.php(180): CWebApplication->processRequest()
#2 F:\WebServer\OpenServer\domains\localhost\index.php(13): CApplication->run()
#3 {main}
REQUEST_URI=/index.php/admin/admin/site/logout
HTTP_REFERER=http://localhost/index.php/admin/pages
---
2014/11/13 13:35:33 [error] [exception.CHttpException.404] exception 'CHttpException' with message 'Невозможно обработать запрос "admin/admin/site/logout".' in F:\WebServer\OpenServer\domains\localhost\framework\web\CWebApplication.php:286
Stack trace:
#0 F:\WebServer\OpenServer\domains\localhost\framework\web\CWebApplication.php(141): CWebApplication->runController('admin/admin/sit...')
#1 F:\WebServer\OpenServer\domains\localhost\framework\base\CApplication.php(180): CWebApplication->processRequest()
#2 F:\WebServer\OpenServer\domains\localhost\index.php(13): CApplication->run()
#3 {main}
REQUEST_URI=/index.php/admin/admin/site/logout
---
2014/11/13 13:35:42 [error] [exception.CHttpException.404] exception 'CHttpException' with message 'Невозможно обработать запрос "admint".' in F:\WebServer\OpenServer\domains\localhost\framework\web\CWebApplication.php:286
Stack trace:
#0 F:\WebServer\OpenServer\domains\localhost\framework\web\CWebApplication.php(141): CWebApplication->runController('admint')
#1 F:\WebServer\OpenServer\domains\localhost\framework\base\CApplication.php(180): CWebApplication->processRequest()
#2 F:\WebServer\OpenServer\domains\localhost\index.php(13): CApplication->run()
#3 {main}
REQUEST_URI=/index.php/admint
---
2014/11/13 13:35:57 [error] [exception.CHttpException.404] exception 'CHttpException' with message 'Невозможно обработать запрос "admin/admin/admin/tblnews".' in F:\WebServer\OpenServer\domains\localhost\framework\web\CWebApplication.php:286
Stack trace:
#0 F:\WebServer\OpenServer\domains\localhost\framework\web\CWebApplication.php(141): CWebApplication->runController('admin/admin/adm...')
#1 F:\WebServer\OpenServer\domains\localhost\framework\base\CApplication.php(180): CWebApplication->processRequest()
#2 F:\WebServer\OpenServer\domains\localhost\index.php(13): CApplication->run()
#3 {main}
REQUEST_URI=/index.php/admin/admin/admin/tblnews
HTTP_REFERER=http://localhost/index.php/admin
---
2014/11/13 13:38:41 [error] [exception.CHttpException.404] exception 'CHttpException' with message 'Невозможно обработать запрос "admin/admin/admin/tblnews".' in F:\WebServer\OpenServer\domains\localhost\framework\web\CWebApplication.php:286
Stack trace:
#0 F:\WebServer\OpenServer\domains\localhost\framework\web\CWebApplication.php(141): CWebApplication->runController('admin/admin/adm...')
#1 F:\WebServer\OpenServer\domains\localhost\framework\base\CApplication.php(180): CWebApplication->processRequest()
#2 F:\WebServer\OpenServer\domains\localhost\index.php(13): CApplication->run()
#3 {main}
REQUEST_URI=/index.php/admin/admin/admin/tblnews
HTTP_REFERER=http://localhost/index.php/admin/youtube
---
2014/11/13 13:38:51 [error] [exception.CHttpException.404] exception 'CHttpException' with message 'Невозможно обработать запрос "admin/admin/admin/youtube".' in F:\WebServer\OpenServer\domains\localhost\framework\web\CWebApplication.php:286
Stack trace:
#0 F:\WebServer\OpenServer\domains\localhost\framework\web\CWebApplication.php(141): CWebApplication->runController('admin/admin/adm...')
#1 F:\WebServer\OpenServer\domains\localhost\framework\base\CApplication.php(180): CWebApplication->processRequest()
#2 F:\WebServer\OpenServer\domains\localhost\index.php(13): CApplication->run()
#3 {main}
REQUEST_URI=/index.php/admin/admin/admin/youtube
HTTP_REFERER=http://localhost/index.php/admin/
---
2014/11/13 13:40:32 [error] [exception.CHttpException.404] exception 'CHttpException' with message 'Невозможно обработать запрос "admin/admin/admin/youtube".' in F:\WebServer\OpenServer\domains\localhost\framework\web\CWebApplication.php:286
Stack trace:
#0 F:\WebServer\OpenServer\domains\localhost\framework\web\CWebApplication.php(141): CWebApplication->runController('admin/admin/adm...')
#1 F:\WebServer\OpenServer\domains\localhost\framework\base\CApplication.php(180): CWebApplication->processRequest()
#2 F:\WebServer\OpenServer\domains\localhost\index.php(13): CApplication->run()
#3 {main}
REQUEST_URI=/index.php/admin/admin/admin/youtube
HTTP_REFERER=http://localhost/index.php/admin/
---
2014/11/13 13:44:51 [error] [exception.CHttpException.404] exception 'CHttpException' with message 'Невозможно обработать запрос "admin/admin/tblnews".' in F:\WebServer\OpenServer\domains\localhost\framework\web\CWebApplication.php:286
Stack trace:
#0 F:\WebServer\OpenServer\domains\localhost\framework\web\CWebApplication.php(141): CWebApplication->runController('admin/admin/tbl...')
#1 F:\WebServer\OpenServer\domains\localhost\framework\base\CApplication.php(180): CWebApplication->processRequest()
#2 F:\WebServer\OpenServer\domains\localhost\index.php(13): CApplication->run()
#3 {main}
REQUEST_URI=/index.php/admin/admin/tblnews
HTTP_REFERER=http://localhost/index.php/admin/
---
2014/11/13 13:54:32 [error] [exception.CHttpException.404] exception 'CHttpException' with message 'Невозможно обработать запрос "admin/admin/tblnews".' in F:\WebServer\OpenServer\domains\localhost\framework\web\CWebApplication.php:286
Stack trace:
#0 F:\WebServer\OpenServer\domains\localhost\framework\web\CWebApplication.php(141): CWebApplication->runController('admin/admin/tbl...')
#1 F:\WebServer\OpenServer\domains\localhost\framework\base\CApplication.php(180): CWebApplication->processRequest()
#2 F:\WebServer\OpenServer\domains\localhost\index.php(13): CApplication->run()
#3 {main}
REQUEST_URI=/index.php/admin/admin/tblnews
HTTP_REFERER=http://localhost/index.php/admin
---
2014/11/13 13:56:11 [error] [exception.CHttpException.404] exception 'CHttpException' with message 'Невозможно обработать запрос "admin/admin/tblnews".' in F:\WebServer\OpenServer\domains\localhost\framework\web\CWebApplication.php:286
Stack trace:
#0 F:\WebServer\OpenServer\domains\localhost\framework\web\CWebApplication.php(141): CWebApplication->runController('admin/admin/tbl...')
#1 F:\WebServer\OpenServer\domains\localhost\framework\base\CApplication.php(180): CWebApplication->processRequest()
#2 F:\WebServer\OpenServer\domains\localhost\index.php(13): CApplication->run()
#3 {main}
REQUEST_URI=/index.php/admin/admin/tblnews
HTTP_REFERER=http://localhost/index.php/admin
---
2014/11/13 13:59:56 [error] [exception.CHttpException.404] exception 'CHttpException' with message 'Невозможно обработать запрос "admin/admin/tblnews".' in F:\WebServer\OpenServer\domains\localhost\framework\web\CWebApplication.php:286
Stack trace:
#0 F:\WebServer\OpenServer\domains\localhost\framework\web\CWebApplication.php(141): CWebApplication->runController('admin/admin/tbl...')
#1 F:\WebServer\OpenServer\domains\localhost\framework\base\CApplication.php(180): CWebApplication->processRequest()
#2 F:\WebServer\OpenServer\domains\localhost\index.php(13): CApplication->run()
#3 {main}
REQUEST_URI=/index.php/admin/admin/tblnews
HTTP_REFERER=http://localhost/index.php/admin
---
2014/11/13 17:20:05 [error] [exception.CHttpException.404] exception 'CHttpException' with message 'Невозможно обработать запрос "admin/admin/tblnews".' in F:\WebServer\OpenServer\domains\localhost\framework\web\CWebApplication.php:286
Stack trace:
#0 F:\WebServer\OpenServer\domains\localhost\framework\web\CWebApplication.php(141): CWebApplication->runController('admin/admin/tbl...')
#1 F:\WebServer\OpenServer\domains\localhost\framework\base\CApplication.php(180): CWebApplication->processRequest()
#2 F:\WebServer\OpenServer\domains\localhost\index.php(13): CApplication->run()
#3 {main}
REQUEST_URI=/index.php/admin/admin/tblnews
HTTP_REFERER=http://localhost/index.php/admin
---
2014/11/13 17:20:39 [error] [exception.CHttpException.404] exception 'CHttpException' with message 'Невозможно обработать запрос "tblnews".' in F:\WebServer\OpenServer\domains\localhost\framework\web\CWebApplication.php:286
Stack trace:
#0 F:\WebServer\OpenServer\domains\localhost\framework\web\CWebApplication.php(141): CWebApplication->runController('tblnews')
#1 F:\WebServer\OpenServer\domains\localhost\framework\base\CApplication.php(180): CWebApplication->processRequest()
#2 F:\WebServer\OpenServer\domains\localhost\index.php(13): CApplication->run()
#3 {main}
REQUEST_URI=/index.php/tblnews
---
2014/11/13 17:24:15 [error] [exception.CHttpException.404] exception 'CHttpException' with message 'Невозможно обработать запрос "tblnews".' in F:\WebServer\OpenServer\domains\localhost\framework\web\CWebApplication.php:286
Stack trace:
#0 F:\WebServer\OpenServer\domains\localhost\framework\web\CWebApplication.php(141): CWebApplication->runController('tblnews')
#1 F:\WebServer\OpenServer\domains\localhost\framework\base\CApplication.php(180): CWebApplication->processRequest()
#2 F:\WebServer\OpenServer\domains\localhost\index.php(13): CApplication->run()
#3 {main}
REQUEST_URI=/index.php/tblnews
---
2014/11/13 17:24:26 [error] [exception.CHttpException.404] exception 'CHttpException' with message 'Невозможно обработать запрос "pages".' in F:\WebServer\OpenServer\domains\localhost\framework\web\CWebApplication.php:286
Stack trace:
#0 F:\WebServer\OpenServer\domains\localhost\framework\web\CWebApplication.php(141): CWebApplication->runController('pages')
#1 F:\WebServer\OpenServer\domains\localhost\framework\base\CApplication.php(180): CWebApplication->processRequest()
#2 F:\WebServer\OpenServer\domains\localhost\index.php(13): CApplication->run()
#3 {main}
REQUEST_URI=/index.php/pages
---
2014/11/14 04:43:47 [error] [exception.CException] exception 'CException' with message 'Необходимый для отображения asset "F:\WebServer\OpenServer\domains\localhost\protected\config/../extension/bootstrap\assets" не существует.' in F:\WebServer\OpenServer\domains\localhost\framework\web\CAssetManager.php:257
Stack trace:
#0 F:\WebServer\OpenServer\domains\localhost\protected\extensions\bootstrap\components\Bootstrap.php(306): CAssetManager->publish('F:\WebServer\Op...', true, -1, false)
#1 F:\WebServer\OpenServer\domains\localhost\protected\extensions\bootstrap\components\Bootstrap.php(50): Bootstrap->getAssetsUrl()
#2 F:\WebServer\OpenServer\domains\localhost\protected\extensions\bootstrap\components\Bootstrap.php(81): Bootstrap->registerCoreCss()
#3 F:\WebServer\OpenServer\domains\localhost\protected\extensions\bootstrap\components\Bootstrap.php(115): Bootstrap->registerAllCss()
#4 F:\WebServer\OpenServer\domains\localhost\protected\components\Controller.php(26): Bootstrap->register()
#5 F:\WebServer\OpenServer\domains\localhost\framework\web\CController.php(306): Controller->beforeAction(Object(CInlineAction))
#6 F:\WebServer\OpenServer\domains\localhost\framework\web\CController.php(286): CController->runAction(Object(CInlineAction))
#7 F:\WebServer\OpenServer\domains\localhost\framework\web\CController.php(265): CController->runActionWithFilters(Object(CInlineAction), Array)
#8 F:\WebServer\OpenServer\domains\localhost\framework\web\CWebApplication.php(282): CController->run('')
#9 F:\WebServer\OpenServer\domains\localhost\framework\web\CWebApplication.php(141): CWebApplication->runController('')
#10 F:\WebServer\OpenServer\domains\localhost\framework\base\CApplication.php(180): CWebApplication->processRequest()
#11 F:\WebServer\OpenServer\domains\localhost\index.php(13): CApplication->run()
#12 {main}
REQUEST_URI=/
---
2014/11/14 04:53:58 [error] [exception.CException] exception 'CException' with message 'Необходимый для отображения asset "F:\WebServer\OpenServer\domains\localhost\protected\config/../extension/bootstrap\assets" не существует.' in F:\WebServer\OpenServer\domains\localhost\framework\web\CAssetManager.php:257
Stack trace:
#0 F:\WebServer\OpenServer\domains\localhost\protected\extensions\bootstrap\components\Bootstrap.php(306): CAssetManager->publish('F:\WebServer\Op...', true, -1, false)
#1 F:\WebServer\OpenServer\domains\localhost\protected\extensions\bootstrap\components\Bootstrap.php(50): Bootstrap->getAssetsUrl()
#2 F:\WebServer\OpenServer\domains\localhost\protected\extensions\bootstrap\components\Bootstrap.php(81): Bootstrap->registerCoreCss()
#3 F:\WebServer\OpenServer\domains\localhost\protected\extensions\bootstrap\components\Bootstrap.php(115): Bootstrap->registerAllCss()
#4 F:\WebServer\OpenServer\domains\localhost\protected\components\Controller.php(26): Bootstrap->register()
#5 F:\WebServer\OpenServer\domains\localhost\framework\web\CController.php(306): Controller->beforeAction(Object(CInlineAction))
#6 F:\WebServer\OpenServer\domains\localhost\framework\web\CController.php(286): CController->runAction(Object(CInlineAction))
#7 F:\WebServer\OpenServer\domains\localhost\framework\web\CController.php(265): CController->runActionWithFilters(Object(CInlineAction), Array)
#8 F:\WebServer\OpenServer\domains\localhost\framework\web\CWebApplication.php(282): CController->run('')
#9 F:\WebServer\OpenServer\domains\localhost\framework\web\CWebApplication.php(141): CWebApplication->runController('')
#10 F:\WebServer\OpenServer\domains\localhost\framework\base\CApplication.php(180): CWebApplication->processRequest()
#11 F:\WebServer\OpenServer\domains\localhost\index.php(13): CApplication->run()
#12 {main}
REQUEST_URI=/
---
2014/11/14 05:01:50 [error] [exception.CException] exception 'CException' with message 'Необходимый для отображения asset "F:\WebServer\OpenServer\domains\localhost\protected\config/../extension/bootstrap\assets" не существует.' in F:\WebServer\OpenServer\domains\localhost\framework\web\CAssetManager.php:257
Stack trace:
#0 F:\WebServer\OpenServer\domains\localhost\protected\extensions\bootstrap\components\Bootstrap.php(306): CAssetManager->publish('F:\WebServer\Op...', true, -1, false)
#1 F:\WebServer\OpenServer\domains\localhost\protected\extensions\bootstrap\components\Bootstrap.php(50): Bootstrap->getAssetsUrl()
#2 F:\WebServer\OpenServer\domains\localhost\protected\extensions\bootstrap\components\Bootstrap.php(81): Bootstrap->registerCoreCss()
#3 F:\WebServer\OpenServer\domains\localhost\protected\extensions\bootstrap\components\Bootstrap.php(115): Bootstrap->registerAllCss()
#4 F:\WebServer\OpenServer\domains\localhost\protected\components\Controller.php(26): Bootstrap->register()
#5 F:\WebServer\OpenServer\domains\localhost\framework\web\CController.php(306): Controller->beforeAction(Object(CInlineAction))
#6 F:\WebServer\OpenServer\domains\localhost\framework\web\CController.php(286): CController->runAction(Object(CInlineAction))
#7 F:\WebServer\OpenServer\domains\localhost\framework\web\CController.php(265): CController->runActionWithFilters(Object(CInlineAction), Array)
#8 F:\WebServer\OpenServer\domains\localhost\framework\web\CWebApplication.php(282): CController->run('')
#9 F:\WebServer\OpenServer\domains\localhost\framework\web\CWebApplication.php(141): CWebApplication->runController('')
#10 F:\WebServer\OpenServer\domains\localhost\framework\base\CApplication.php(180): CWebApplication->processRequest()
#11 F:\WebServer\OpenServer\domains\localhost\index.php(13): CApplication->run()
#12 {main}
REQUEST_URI=/
---
